{"/usr/src/app/src/index.ts": {"path":"/usr/src/app/src/index.ts","statementMap":{"0":{"start":{"line":1,"column":0},"end":{"line":1,"column":29}},"1":{"start":{"line":2,"column":0},"end":{"line":2,"column":32}},"2":{"start":{"line":3,"column":0},"end":{"line":3,"column":39}},"3":{"start":{"line":4,"column":0},"end":{"line":4,"column":45}},"4":{"start":{"line":5,"column":0},"end":{"line":5,"column":43}},"5":{"start":{"line":6,"column":0},"end":{"line":6,"column":24}},"6":{"start":{"line":9,"column":12},"end":{"line":9,"column":21}},"7":{"start":{"line":10,"column":0},"end":{"line":10,"column":null}},"8":{"start":{"line":12,"column":23},"end":{"line":12,"column":48}},"9":{"start":{"line":14,"column":0},"end":{"line":24,"column":4}},"10":{"start":{"line":16,"column":4},"end":{"line":20,"column":5}},"11":{"start":{"line":17,"column":6},"end":{"line":17,"column":27}},"12":{"start":{"line":19,"column":6},"end":{"line":19,"column":49}},"13":{"start":{"line":27,"column":16},"end":{"line":30,"column":2}},"14":{"start":{"line":32,"column":0},"end":{"line":32,"column":17}},"15":{"start":{"line":36,"column":0},"end":{"line":40,"column":3}},"16":{"start":{"line":37,"column":4},"end":{"line":37,"column":37}},"17":{"start":{"line":39,"column":4},"end":{"line":39,"column":54}},"18":{"start":{"line":43,"column":0},"end":{"line":45,"column":null}},"19":{"start":{"line":44,"column":4},"end":{"line":44,"column":null}},"20":{"start":{"line":47,"column":0},"end":{"line":47,"column":34}},"21":{"start":{"line":49,"column":0},"end":{"line":49,"column":39}},"22":{"start":{"line":51,"column":0},"end":{"line":51,"column":19}}},"fnMap":{"0":{"name":"(anonymous_1)","decl":{"start":{"line":15,"column":10},"end":{"line":15,"column":20}},"loc":{"start":{"line":15,"column":36},"end":{"line":21,"column":3}}},"1":{"name":"(anonymous_2)","decl":{"start":{"line":36,"column":59},"end":{"line":36,"column":62}},"loc":{"start":{"line":36,"column":64},"end":{"line":38,"column":1}}},"2":{"name":"(anonymous_3)","decl":{"start":{"line":38,"column":9},"end":{"line":38,"column":10}},"loc":{"start":{"line":38,"column":19},"end":{"line":40,"column":1}}},"3":{"name":"(anonymous_4)","decl":{"start":{"line":43,"column":13},"end":{"line":43,"column":14}},"loc":{"start":{"line":43,"column":28},"end":{"line":45,"column":1}}}},"branchMap":{"0":{"loc":{"start":{"line":16,"column":4},"end":{"line":20,"column":5}},"type":"if","locations":[{"start":{"line":16,"column":4},"end":{"line":20,"column":5}},{"start":{"line":18,"column":11},"end":{"line":20,"column":5}}]},"1":{"loc":{"start":{"line":16,"column":8},"end":{"line":16,"column":56}},"type":"binary-expr","locations":[{"start":{"line":16,"column":8},"end":{"line":16,"column":15}},{"start":{"line":16,"column":19},"end":{"line":16,"column":56}}]}},"s":{"0":1,"1":1,"2":1,"3":1,"4":1,"5":1,"6":1,"7":1,"8":1,"9":1,"10":10,"11":10,"12":0,"13":1,"14":1,"15":1,"16":1,"17":0,"18":1,"19":0,"20":1,"21":1,"22":1},"f":{"0":10,"1":1,"2":0,"3":0},"b":{"0":[10,0],"1":[10,0]}}
,"/usr/src/app/src/controllers/crawler.ts": {"path":"/usr/src/app/src/controllers/crawler.ts","statementMap":{"0":{"start":{"line":2,"column":0},"end":{"line":2,"column":36}},"1":{"start":{"line":3,"column":0},"end":{"line":3,"column":53}},"2":{"start":{"line":5,"column":23},"end":{"line":5,"column":43}},"3":{"start":{"line":7,"column":25},"end":{"line":18,"column":2}},"4":{"start":{"line":7,"column":78},"end":{"line":18,"column":2}},"5":{"start":{"line":8,"column":18},"end":{"line":8,"column":26}},"6":{"start":{"line":9,"column":17},"end":{"line":9,"column":29}},"7":{"start":{"line":11,"column":14},"end":{"line":11,"column":101}},"8":{"start":{"line":12,"column":2},"end":{"line":12,"column":19}},"9":{"start":{"line":14,"column":2},"end":{"line":14,"column":28}},"10":{"start":{"line":17,"column":2},"end":{"line":17,"column":75}},"11":{"start":{"line":17,"column":53},"end":{"line":17,"column":73}},"12":{"start":{"line":7,"column":13},"end":{"line":7,"column":25}},"13":{"start":{"line":20,"column":28},"end":{"line":30,"column":2}},"14":{"start":{"line":20,"column":81},"end":{"line":30,"column":2}},"15":{"start":{"line":21,"column":20},"end":{"line":21,"column":30}},"16":{"start":{"line":22,"column":14},"end":{"line":22,"column":39}},"17":{"start":{"line":24,"column":2},"end":{"line":27,"column":3}},"18":{"start":{"line":25,"column":4},"end":{"line":25,"column":55}},"19":{"start":{"line":26,"column":4},"end":{"line":26,"column":11}},"20":{"start":{"line":29,"column":2},"end":{"line":29,"column":28}},"21":{"start":{"line":20,"column":13},"end":{"line":20,"column":28}},"22":{"start":{"line":32,"column":23},"end":{"line":37,"column":2}},"23":{"start":{"line":32,"column":76},"end":{"line":37,"column":2}},"24":{"start":{"line":33,"column":17},"end":{"line":33,"column":29}},"25":{"start":{"line":34,"column":15},"end":{"line":34,"column":41}},"26":{"start":{"line":36,"column":2},"end":{"line":36,"column":29}},"27":{"start":{"line":32,"column":13},"end":{"line":32,"column":23}}},"fnMap":{"0":{"name":"(anonymous_7)","decl":{"start":{"line":7,"column":25},"end":{"line":7,"column":32}},"loc":{"start":{"line":7,"column":78},"end":{"line":18,"column":2}}},"1":{"name":"(anonymous_8)","decl":{"start":{"line":7,"column":78},"end":{"line":7,"column":null}},"loc":{"start":{"line":7,"column":78},"end":{"line":18,"column":1}}},"2":{"name":"(anonymous_9)","decl":{"start":{"line":17,"column":42},"end":{"line":17,"column":43}},"loc":{"start":{"line":17,"column":53},"end":{"line":17,"column":73}}},"3":{"name":"(anonymous_10)","decl":{"start":{"line":20,"column":28},"end":{"line":20,"column":35}},"loc":{"start":{"line":20,"column":81},"end":{"line":30,"column":2}}},"4":{"name":"(anonymous_11)","decl":{"start":{"line":20,"column":81},"end":{"line":20,"column":null}},"loc":{"start":{"line":20,"column":81},"end":{"line":30,"column":1}}},"5":{"name":"(anonymous_12)","decl":{"start":{"line":32,"column":23},"end":{"line":32,"column":30}},"loc":{"start":{"line":32,"column":76},"end":{"line":37,"column":2}}},"6":{"name":"(anonymous_13)","decl":{"start":{"line":32,"column":76},"end":{"line":32,"column":null}},"loc":{"start":{"line":32,"column":76},"end":{"line":37,"column":1}}}},"branchMap":{"0":{"loc":{"start":{"line":24,"column":2},"end":{"line":27,"column":3}},"type":"if","locations":[{"start":{"line":24,"column":2},"end":{"line":27,"column":3}}]}},"s":{"0":1,"1":1,"2":1,"3":1,"4":0,"5":0,"6":0,"7":0,"8":0,"9":0,"10":0,"11":0,"12":1,"13":1,"14":0,"15":0,"16":0,"17":0,"18":0,"19":0,"20":0,"21":1,"22":1,"23":0,"24":0,"25":0,"26":0,"27":1},"f":{"0":0,"1":0,"2":0,"3":0,"4":0,"5":0,"6":0},"b":{"0":[0]}}
,"/usr/src/app/src/controllers/user.ts": {"path":"/usr/src/app/src/controllers/user.ts","statementMap":{"0":{"start":{"line":2,"column":0},"end":{"line":2,"column":34}},"1":{"start":{"line":3,"column":0},"end":{"line":3,"column":49}},"2":{"start":{"line":5,"column":28},"end":{"line":23,"column":2}},"3":{"start":{"line":5,"column":85},"end":{"line":23,"column":2}},"4":{"start":{"line":6,"column":42},"end":{"line":6,"column":50}},"5":{"start":{"line":8,"column":4},"end":{"line":22,"column":5}},"6":{"start":{"line":9,"column":29},"end":{"line":9,"column":58}},"7":{"start":{"line":10,"column":8},"end":{"line":12,"column":9}},"8":{"start":{"line":11,"column":12},"end":{"line":11,"column":77}},"9":{"start":{"line":14,"column":21},"end":{"line":14,"column":60}},"10":{"start":{"line":15,"column":8},"end":{"line":15,"column":26}},"11":{"start":{"line":17,"column":22},"end":{"line":17,"column":41}},"12":{"start":{"line":19,"column":8},"end":{"line":19,"column":47}},"13":{"start":{"line":21,"column":8},"end":{"line":21,"column":82}},"14":{"start":{"line":5,"column":13},"end":{"line":5,"column":28}},"15":{"start":{"line":25,"column":25},"end":{"line":43,"column":2}},"16":{"start":{"line":25,"column":82},"end":{"line":43,"column":2}},"17":{"start":{"line":26,"column":32},"end":{"line":26,"column":40}},"18":{"start":{"line":31,"column":4},"end":{"line":42,"column":5}},"19":{"start":{"line":32,"column":21},"end":{"line":32,"column":50}},"20":{"start":{"line":33,"column":8},"end":{"line":35,"column":9}},"21":{"start":{"line":34,"column":12},"end":{"line":34,"column":76}},"22":{"start":{"line":37,"column":22},"end":{"line":37,"column":41}},"23":{"start":{"line":39,"column":8},"end":{"line":39,"column":47}},"24":{"start":{"line":41,"column":8},"end":{"line":41,"column":76}},"25":{"start":{"line":25,"column":13},"end":{"line":25,"column":25}},"26":{"start":{"line":45,"column":30},"end":{"line":57,"column":2}},"27":{"start":{"line":45,"column":87},"end":{"line":57,"column":2}},"28":{"start":{"line":46,"column":4},"end":{"line":56,"column":5}},"29":{"start":{"line":47,"column":21},"end":{"line":47,"column":74}},"30":{"start":{"line":48,"column":8},"end":{"line":50,"column":9}},"31":{"start":{"line":49,"column":12},"end":{"line":49,"column":71}},"32":{"start":{"line":51,"column":8},"end":{"line":51,"column":null}},"33":{"start":{"line":53,"column":8},"end":{"line":53,"column":42}},"34":{"start":{"line":55,"column":8},"end":{"line":55,"column":79}},"35":{"start":{"line":45,"column":13},"end":{"line":45,"column":30}}},"fnMap":{"0":{"name":"(anonymous_8)","decl":{"start":{"line":5,"column":28},"end":{"line":5,"column":35}},"loc":{"start":{"line":5,"column":85},"end":{"line":23,"column":2}}},"1":{"name":"(anonymous_9)","decl":{"start":{"line":5,"column":85},"end":{"line":5,"column":null}},"loc":{"start":{"line":5,"column":85},"end":{"line":23,"column":1}}},"2":{"name":"(anonymous_10)","decl":{"start":{"line":25,"column":25},"end":{"line":25,"column":32}},"loc":{"start":{"line":25,"column":82},"end":{"line":43,"column":2}}},"3":{"name":"(anonymous_11)","decl":{"start":{"line":25,"column":82},"end":{"line":25,"column":null}},"loc":{"start":{"line":25,"column":82},"end":{"line":43,"column":1}}},"4":{"name":"(anonymous_12)","decl":{"start":{"line":45,"column":30},"end":{"line":45,"column":37}},"loc":{"start":{"line":45,"column":87},"end":{"line":57,"column":2}}},"5":{"name":"(anonymous_13)","decl":{"start":{"line":45,"column":87},"end":{"line":45,"column":null}},"loc":{"start":{"line":45,"column":87},"end":{"line":57,"column":1}}}},"branchMap":{"0":{"loc":{"start":{"line":10,"column":8},"end":{"line":12,"column":9}},"type":"if","locations":[{"start":{"line":10,"column":8},"end":{"line":12,"column":9}}]},"1":{"loc":{"start":{"line":33,"column":8},"end":{"line":35,"column":9}},"type":"if","locations":[{"start":{"line":33,"column":8},"end":{"line":35,"column":9}}]},"2":{"loc":{"start":{"line":33,"column":12},"end":{"line":33,"column":60}},"type":"binary-expr","locations":[{"start":{"line":33,"column":12},"end":{"line":33,"column":17}},{"start":{"line":33,"column":21},"end":{"line":33,"column":60}}]},"3":{"loc":{"start":{"line":48,"column":8},"end":{"line":50,"column":9}},"type":"if","locations":[{"start":{"line":48,"column":8},"end":{"line":50,"column":9}}]}},"s":{"0":1,"1":1,"2":1,"3":5,"4":5,"5":5,"6":5,"7":5,"8":4,"9":1,"10":1,"11":1,"12":1,"13":0,"14":1,"15":1,"16":3,"17":3,"18":3,"19":3,"20":3,"21":1,"22":2,"23":2,"24":0,"25":1,"26":1,"27":1,"28":1,"29":1,"30":1,"31":0,"32":1,"33":1,"34":0,"35":1},"f":{"0":5,"1":5,"2":3,"3":3,"4":1,"5":1},"b":{"0":[4],"1":[1],"2":[3,3],"3":[0]}}
,"/usr/src/app/src/middlewares/auth.ts": {"path":"/usr/src/app/src/middlewares/auth.ts","statementMap":{"0":{"start":{"line":2,"column":0},"end":{"line":2,"column":47}},"1":{"start":{"line":4,"column":30},"end":{"line":21,"column":1}},"2":{"start":{"line":5,"column":18},"end":{"line":5,"column":58}},"3":{"start":{"line":6,"column":4},"end":{"line":8,"column":5}},"4":{"start":{"line":7,"column":8},"end":{"line":7,"column":70}},"5":{"start":{"line":10,"column":20},"end":{"line":10,"column":38}},"6":{"start":{"line":11,"column":4},"end":{"line":13,"column":5}},"7":{"start":{"line":12,"column":8},"end":{"line":12,"column":66}},"8":{"start":{"line":15,"column":4},"end":{"line":19,"column":6}},"9":{"start":{"line":20,"column":4},"end":{"line":20,"column":11}},"10":{"start":{"line":4,"column":13},"end":{"line":4,"column":30}}},"fnMap":{"0":{"name":"(anonymous_0)","decl":{"start":{"line":4,"column":30},"end":{"line":4,"column":31}},"loc":{"start":{"line":4,"column":82},"end":{"line":21,"column":1}}}},"branchMap":{"0":{"loc":{"start":{"line":5,"column":18},"end":{"line":5,"column":58}},"type":"cond-expr","locations":[{"start":{"line":5,"column":43},"end":{"line":5,"column":45}},{"start":{"line":5,"column":43},"end":{"line":5,"column":58}}]},"1":{"loc":{"start":{"line":5,"column":18},"end":{"line":5,"column":45}},"type":"binary-expr","locations":[{"start":{"line":5,"column":18},"end":{"line":5,"column":45}},{"start":{"line":5,"column":43},"end":{"line":5,"column":45}}]},"2":{"loc":{"start":{"line":6,"column":4},"end":{"line":8,"column":5}},"type":"if","locations":[{"start":{"line":6,"column":4},"end":{"line":8,"column":5}}]},"3":{"loc":{"start":{"line":11,"column":4},"end":{"line":13,"column":5}},"type":"if","locations":[{"start":{"line":11,"column":4},"end":{"line":13,"column":5}}]}},"s":{"0":1,"1":1,"2":2,"3":2,"4":1,"5":1,"6":1,"7":0,"8":1,"9":1,"10":1},"f":{"0":2},"b":{"0":[1,1],"1":[2,2],"2":[1],"3":[0]}}
,"/usr/src/app/src/models/Job.ts": {"path":"/usr/src/app/src/models/Job.ts","statementMap":{"0":{"start":{"line":1,"column":0},"end":{"line":1,"column":54}},"1":{"start":{"line":12,"column":26},"end":{"line":19,"column":2}},"2":{"start":{"line":21,"column":13},"end":{"line":21,"column":58}}},"fnMap":{},"branchMap":{},"s":{"0":1,"1":1,"2":1},"f":{},"b":{}}
,"/usr/src/app/src/models/User.ts": {"path":"/usr/src/app/src/models/User.ts","statementMap":{"0":{"start":{"line":1,"column":0},"end":{"line":1,"column":54}},"1":{"start":{"line":2,"column":0},"end":{"line":2,"column":30}},"2":{"start":{"line":11,"column":27},"end":{"line":17,"column":2}},"3":{"start":{"line":19,"column":0},"end":{"line":26,"column":3}},"4":{"start":{"line":20,"column":4},"end":{"line":22,"column":5}},"5":{"start":{"line":21,"column":8},"end":{"line":21,"column":22}},"6":{"start":{"line":23,"column":17},"end":{"line":23,"column":41}},"7":{"start":{"line":24,"column":4},"end":{"line":24,"column":59}},"8":{"start":{"line":25,"column":4},"end":{"line":25,"column":11}},"9":{"start":{"line":28,"column":0},"end":{"line":30,"column":2}},"10":{"start":{"line":29,"column":4},"end":{"line":29,"column":60}},"11":{"start":{"line":32,"column":0},"end":{"line":32,"column":57}}},"fnMap":{"0":{"name":"(anonymous_14)","decl":{"start":{"line":19,"column":30},"end":{"line":19,"column":46}},"loc":{"start":{"line":19,"column":50},"end":{"line":26,"column":2}}},"1":{"name":"(anonymous_16)","decl":{"start":{"line":28,"column":37},"end":{"line":28,"column":47}},"loc":{"start":{"line":28,"column":72},"end":{"line":30,"column":1}}}},"branchMap":{"0":{"loc":{"start":{"line":20,"column":4},"end":{"line":22,"column":5}},"type":"if","locations":[{"start":{"line":20,"column":4},"end":{"line":22,"column":5}}]}},"s":{"0":1,"1":1,"2":1,"3":1,"4":1,"5":0,"6":1,"7":1,"8":1,"9":1,"10":3,"11":1},"f":{"0":1,"1":3},"b":{"0":[0]}}
,"/usr/src/app/src/routes/crawler.ts": {"path":"/usr/src/app/src/routes/crawler.ts","statementMap":{"0":{"start":{"line":1,"column":0},"end":{"line":1,"column":30}},"1":{"start":{"line":2,"column":0},"end":{"line":2,"column":74}},"2":{"start":{"line":3,"column":0},"end":{"line":3,"column":53}},"3":{"start":{"line":5,"column":15},"end":{"line":5,"column":31}},"4":{"start":{"line":7,"column":0},"end":{"line":7,"column":27}},"5":{"start":{"line":8,"column":0},"end":{"line":8,"column":32}},"6":{"start":{"line":9,"column":0},"end":{"line":9,"column":41}},"7":{"start":{"line":10,"column":0},"end":{"line":10,"column":29}},"8":{"start":{"line":12,"column":0},"end":{"line":12,"column":22}}},"fnMap":{},"branchMap":{},"s":{"0":1,"1":1,"2":1,"3":1,"4":1,"5":1,"6":1,"7":1,"8":1},"f":{},"b":{}}
,"/usr/src/app/src/routes/user.ts": {"path":"/usr/src/app/src/routes/user.ts","statementMap":{"0":{"start":{"line":1,"column":0},"end":{"line":1,"column":33}},"1":{"start":{"line":2,"column":0},"end":{"line":2,"column":78}},"2":{"start":{"line":3,"column":0},"end":{"line":3,"column":53}},"3":{"start":{"line":5,"column":15},"end":{"line":5,"column":23}},"4":{"start":{"line":8,"column":0},"end":{"line":8,"column":39}},"5":{"start":{"line":11,"column":0},"end":{"line":11,"column":33}},"6":{"start":{"line":14,"column":0},"end":{"line":14,"column":50}},"7":{"start":{"line":16,"column":0},"end":{"line":16,"column":22}}},"fnMap":{},"branchMap":{},"s":{"0":1,"1":1,"2":1,"3":1,"4":1,"5":1,"6":1,"7":1},"f":{},"b":{}}
,"/usr/src/app/src/services/auth.ts": {"path":"/usr/src/app/src/services/auth.ts","statementMap":{"0":{"start":{"line":1,"column":0},"end":{"line":1,"column":31}},"1":{"start":{"line":4,"column":18},"end":{"line":4,"column":57}},"2":{"start":{"line":6,"column":29},"end":{"line":16,"column":1}},"3":{"start":{"line":7,"column":4},"end":{"line":15,"column":6}},"4":{"start":{"line":6,"column":13},"end":{"line":6,"column":29}},"5":{"start":{"line":18,"column":27},"end":{"line":24,"column":1}},"6":{"start":{"line":19,"column":4},"end":{"line":23,"column":5}},"7":{"start":{"line":20,"column":8},"end":{"line":20,"column":44}},"8":{"start":{"line":22,"column":8},"end":{"line":22,"column":20}},"9":{"start":{"line":18,"column":13},"end":{"line":18,"column":27}}},"fnMap":{"0":{"name":"(anonymous_1)","decl":{"start":{"line":6,"column":29},"end":{"line":6,"column":30}},"loc":{"start":{"line":6,"column":53},"end":{"line":16,"column":1}}},"1":{"name":"(anonymous_2)","decl":{"start":{"line":18,"column":27},"end":{"line":18,"column":28}},"loc":{"start":{"line":18,"column":50},"end":{"line":24,"column":1}}}},"branchMap":{"0":{"loc":{"start":{"line":4,"column":18},"end":{"line":4,"column":57}},"type":"binary-expr","locations":[{"start":{"line":4,"column":18},"end":{"line":4,"column":36}},{"start":{"line":4,"column":40},"end":{"line":4,"column":57}}]}},"s":{"0":1,"1":1,"2":1,"3":3,"4":1,"5":1,"6":1,"7":1,"8":0,"9":1},"f":{"0":3,"1":1},"b":{"0":[1,1]}}
,"/usr/src/app/src/services/crawler.ts": {"path":"/usr/src/app/src/services/crawler.ts","statementMap":{"0":{"start":{"line":1,"column":0},"end":{"line":1,"column":34}},"1":{"start":{"line":6,"column":20},"end":{"line":6,"column":62}},"2":{"start":{"line":7,"column":17},"end":{"line":7,"column":40}},"3":{"start":{"line":9,"column":24},"end":{"line":9,"column":41}},"4":{"start":{"line":10,"column":24},"end":{"line":10,"column":37}},"5":{"start":{"line":12,"column":4},"end":{"line":12,"column":31}},"6":{"start":{"line":13,"column":4},"end":{"line":13,"column":21}},"7":{"start":{"line":15,"column":4},"end":{"line":36,"column":5}},"8":{"start":{"line":16,"column":25},"end":{"line":16,"column":45}},"9":{"start":{"line":17,"column":6},"end":{"line":17,"column":48}},"10":{"start":{"line":17,"column":39},"end":{"line":17,"column":48}},"11":{"start":{"line":19,"column":6},"end":{"line":19,"column":65}},"12":{"start":{"line":20,"column":6},"end":{"line":20,"column":34}},"13":{"start":{"line":22,"column":24},"end":{"line":25,"column":8}},"14":{"start":{"line":23,"column":24},"end":{"line":23,"column":54}},"15":{"start":{"line":24,"column":8},"end":{"line":24,"column":62}},"16":{"start":{"line":24,"column":49},"end":{"line":24,"column":60}},"17":{"start":{"line":27,"column":6},"end":{"line":31,"column":7}},"18":{"start":{"line":28,"column":8},"end":{"line":30,"column":9}},"19":{"start":{"line":29,"column":10},"end":{"line":29,"column":32}},"20":{"start":{"line":33,"column":6},"end":{"line":33,"column":37}},"21":{"start":{"line":34,"column":6},"end":{"line":34,"column":36}},"22":{"start":{"line":35,"column":6},"end":{"line":35,"column":23}},"23":{"start":{"line":38,"column":4},"end":{"line":38,"column":29}},"24":{"start":{"line":39,"column":4},"end":{"line":39,"column":21}},"25":{"start":{"line":41,"column":4},"end":{"line":41,"column":26}},"26":{"start":{"line":4,"column":0},"end":{"line":4,"column":13}}},"fnMap":{"0":{"name":"(anonymous_8)","decl":{"start":{"line":5,"column":8},"end":{"line":5,"column":21}},"loc":{"start":{"line":5,"column":31},"end":{"line":42,"column":null}}},"1":{"name":"(anonymous_10)","decl":{"start":{"line":22,"column":44},"end":{"line":22,"column":47}},"loc":{"start":{"line":22,"column":49},"end":{"line":25,"column":7}}},"2":{"name":"(anonymous_11)","decl":{"start":{"line":24,"column":39},"end":{"line":24,"column":45}},"loc":{"start":{"line":24,"column":49},"end":{"line":24,"column":60}}}},"branchMap":{"0":{"loc":{"start":{"line":17,"column":6},"end":{"line":17,"column":48}},"type":"if","locations":[{"start":{"line":17,"column":6},"end":{"line":17,"column":48}}]},"1":{"loc":{"start":{"line":28,"column":8},"end":{"line":30,"column":9}},"type":"if","locations":[{"start":{"line":28,"column":8},"end":{"line":30,"column":9}}]},"2":{"loc":{"start":{"line":28,"column":12},"end":{"line":28,"column":63}},"type":"binary-expr","locations":[{"start":{"line":28,"column":12},"end":{"line":28,"column":33}},{"start":{"line":28,"column":37},"end":{"line":28,"column":63}}]}},"s":{"0":1,"1":0,"2":0,"3":0,"4":0,"5":0,"6":0,"7":0,"8":0,"9":0,"10":0,"11":0,"12":0,"13":0,"14":0,"15":0,"16":0,"17":0,"18":0,"19":0,"20":0,"21":0,"22":0,"23":0,"24":0,"25":0,"26":1},"f":{"0":0,"1":0,"2":0},"b":{"0":[0],"1":[0],"2":[0,0]}}
}
