TN:
SF:src/index.ts
FN:15,(anonymous_1)
FN:35,(anonymous_2)
FN:37,(anonymous_3)
FN:42,(anonymous_4)
FN:52,(anonymous_5)
FNF:5
FNH:2
FNDA:10,(anonymous_1)
FNDA:1,(anonymous_2)
FNDA:0,(anonymous_3)
FNDA:0,(anonymous_4)
FNDA:0,(anonymous_5)
DA:1,1
DA:2,1
DA:3,1
DA:4,1
DA:5,1
DA:6,1
DA:9,1
DA:10,1
DA:12,1
DA:14,1
DA:16,10
DA:17,10
DA:19,0
DA:27,1
DA:32,1
DA:35,1
DA:36,1
DA:38,0
DA:42,1
DA:43,0
DA:47,1
DA:49,1
DA:51,1
DA:52,0
DA:53,0
DA:57,1
LF:26
LH:21
BRDA:16,0,0,10
BRDA:16,0,1,0
BRDA:16,1,0,10
BRDA:16,1,1,0
BRDA:51,2,0,0
BRF:5
BRH:2
end_of_record
TN:
SF:src/controllers/crawler.ts
FN:9,(anonymous_7)
FN:9,(anonymous_8)
FN:20,(anonymous_9)
FN:20,(anonymous_10)
FN:39,(anonymous_11)
FN:39,(anonymous_12)
FN:43,(anonymous_13)
FN:43,(anonymous_14)
FN:53,(anonymous_15)
FN:53,(anonymous_16)
FN:66,(anonymous_17)
FN:66,(anonymous_18)
FNF:12
FNH:0
FNDA:0,(anonymous_7)
FNDA:0,(anonymous_8)
FNDA:0,(anonymous_9)
FNDA:0,(anonymous_10)
FNDA:0,(anonymous_11)
FNDA:0,(anonymous_12)
FNDA:0,(anonymous_13)
FNDA:0,(anonymous_14)
FNDA:0,(anonymous_15)
FNDA:0,(anonymous_16)
FNDA:0,(anonymous_17)
FNDA:0,(anonymous_18)
DA:2,1
DA:3,1
DA:6,1
DA:9,1
DA:10,0
DA:11,0
DA:13,0
DA:14,0
DA:16,0
DA:20,1
DA:21,0
DA:22,0
DA:24,0
DA:25,0
DA:26,0
DA:29,0
DA:30,0
DA:31,0
DA:34,0
DA:35,0
DA:38,0
DA:39,0
DA:40,0
DA:41,0
DA:43,0
DA:44,0
DA:45,0
DA:46,0
DA:49,0
DA:53,1
DA:54,0
DA:55,0
DA:57,0
DA:58,0
DA:59,0
DA:62,0
DA:66,1
DA:67,0
DA:68,0
DA:70,0
LF:40
LH:7
BRDA:24,0,0,0
BRDA:29,1,0,0
BRDA:57,2,0,0
BRF:3
BRH:0
end_of_record
TN:
SF:src/controllers/user.ts
FN:6,(anonymous_8)
FN:6,(anonymous_9)
FN:29,(anonymous_10)
FN:29,(anonymous_11)
FN:46,(anonymous_12)
FN:46,(anonymous_13)
FNF:6
FNH:6
FNDA:5,(anonymous_8)
FNDA:5,(anonymous_9)
FNDA:3,(anonymous_10)
FNDA:3,(anonymous_11)
FNDA:1,(anonymous_12)
FNDA:1,(anonymous_13)
DA:2,1
DA:3,1
DA:6,5
DA:7,5
DA:9,5
DA:10,5
DA:11,5
DA:12,4
DA:15,1
DA:16,1
DA:19,1
DA:22,1
DA:24,0
DA:29,3
DA:30,3
DA:32,3
DA:33,3
DA:34,3
DA:35,1
DA:38,2
DA:40,2
DA:42,0
DA:46,1
DA:47,1
DA:48,1
DA:49,1
DA:50,0
DA:52,1
DA:54,1
DA:56,0
LF:30
LH:26
BRDA:11,0,0,4
BRDA:34,1,0,1
BRDA:34,2,0,3
BRDA:34,2,1,3
BRDA:49,3,0,0
BRF:5
BRH:4
end_of_record
TN:
SF:src/middlewares/auth.ts
FN:5,(anonymous_0)
FNF:1
FNH:1
FNDA:2,(anonymous_0)
DA:2,1
DA:5,1
DA:6,2
DA:7,2
DA:8,1
DA:12,1
DA:13,1
DA:14,0
DA:17,1
DA:22,1
LF:10
LH:9
BRDA:6,0,0,1
BRDA:6,0,1,1
BRDA:6,1,0,2
BRDA:6,1,1,2
BRDA:7,2,0,1
BRDA:13,3,0,0
BRF:6
BRH:5
end_of_record
TN:
SF:src/models/Job.ts
FNF:0
FNH:0
DA:1,1
DA:13,1
DA:38,1
LF:3
LH:3
BRF:0
BRH:0
end_of_record
TN:
SF:src/models/User.ts
FN:22,(anonymous_14)
FN:32,(anonymous_16)
FNF:2
FNH:2
FNDA:1,(anonymous_14)
FNDA:3,(anonymous_16)
DA:1,1
DA:2,1
DA:13,1
DA:22,1
DA:23,1
DA:24,0
DA:26,1
DA:27,1
DA:28,1
DA:32,1
DA:33,3
DA:36,1
LF:12
LH:11
BRDA:23,0,0,0
BRF:1
BRH:0
end_of_record
TN:
SF:src/routes/crawler.ts
FNF:0
FNH:0
DA:1,1
DA:2,1
DA:3,1
DA:5,1
DA:8,1
DA:9,1
DA:10,1
DA:11,1
DA:12,1
DA:14,1
LF:10
LH:10
BRF:0
BRH:0
end_of_record
TN:
SF:src/routes/user.ts
FNF:0
FNH:0
DA:1,1
DA:2,1
DA:3,1
DA:5,1
DA:8,1
DA:9,1
DA:10,1
DA:12,1
LF:8
LH:8
BRF:0
BRH:0
end_of_record
TN:
SF:src/services/auth.ts
FN:7,(anonymous_1)
FN:20,(anonymous_2)
FNF:2
FNH:2
FNDA:3,(anonymous_1)
FNDA:1,(anonymous_2)
DA:1,1
DA:4,1
DA:7,1
DA:8,3
DA:20,1
DA:21,1
DA:22,1
DA:24,0
LF:8
LH:7
BRDA:4,0,0,1
BRDA:4,0,1,1
BRF:2
BRH:2
end_of_record
TN:
SF:src/services/crawler.ts
FN:6,(anonymous_8)
FN:27,(anonymous_10)
FNF:2
FNH:0
FNDA:0,(anonymous_8)
FNDA:0,(anonymous_10)
DA:1,1
DA:2,1
DA:5,1
DA:7,0
DA:8,0
DA:11,0
DA:12,0
DA:15,0
DA:16,0
DA:20,0
DA:21,0
DA:24,0
DA:25,0
DA:27,0
DA:28,0
DA:29,0
DA:30,0
DA:31,0
DA:36,0
DA:37,0
DA:40,0
DA:42,0
DA:44,0
DA:45,0
DA:46,0
DA:47,0
LF:26
LH:3
BRDA:15,0,0,0
BRDA:29,1,0,0
BRDA:29,2,0,0
BRDA:29,2,1,0
BRDA:29,2,2,0
BRF:5
BRH:0
end_of_record
